<?xml version="1.0" encoding="UTF-8"?>
<coverage generated="1538396370266" clover="3.2.0">
  <project timestamp="1538396370266" name="All files">
    <metrics statements="54" coveredstatements="54" conditionals="25" coveredconditionals="25" methods="20" coveredmethods="20" elements="99" coveredelements="99" complexity="0" loc="54" ncloc="54" packages="4" files="9" classes="9">
      <package name="actions">
        <metrics statements="28" coveredstatements="28" conditionals="0" coveredconditionals="0" methods="15" coveredmethods="15"/>
        <file name="index.js" path="C:\Users\Alberto Cortina\Documents\GitHub\UniOviSCOPE\app\actions\index.js">
          <metrics statements="24" coveredstatements="24" conditionals="0" coveredconditionals="0" methods="12" coveredmethods="12"/>
          <line num="2" count="6" type="stmt"/>
          <line num="3" count="6" type="stmt"/>
          <line num="4" count="6" type="stmt"/>
          <line num="5" count="6" type="stmt"/>
          <line num="6" count="6" type="stmt"/>
          <line num="7" count="6" type="stmt"/>
          <line num="8" count="6" type="stmt"/>
          <line num="9" count="6" type="stmt"/>
          <line num="10" count="6" type="stmt"/>
          <line num="11" count="6" type="stmt"/>
          <line num="12" count="6" type="stmt"/>
          <line num="13" count="6" type="stmt"/>
          <line num="17" count="3" type="stmt"/>
          <line num="23" count="2" type="stmt"/>
          <line num="29" count="2" type="stmt"/>
          <line num="44" count="3" type="stmt"/>
          <line num="50" count="2" type="stmt"/>
          <line num="56" count="2" type="stmt"/>
          <line num="62" count="2" type="stmt"/>
          <line num="68" count="2" type="stmt"/>
          <line num="75" count="3" type="stmt"/>
          <line num="81" count="3" type="stmt"/>
          <line num="87" count="3" type="stmt"/>
          <line num="93" count="3" type="stmt"/>
        </file>
        <file name="logOut-action.js" path="C:\Users\Alberto Cortina\Documents\GitHub\UniOviSCOPE\app\actions\logOut-action.js">
          <metrics statements="4" coveredstatements="4" conditionals="0" coveredconditionals="0" methods="3" coveredmethods="3"/>
          <line num="4" count="1" type="stmt"/>
          <line num="5" count="1" type="stmt"/>
          <line num="7" count="1" type="stmt"/>
          <line num="8" count="1" type="stmt"/>
        </file>
      </package>
      <package name="reducers">
        <metrics statements="24" coveredstatements="24" conditionals="25" coveredconditionals="25" methods="5" coveredmethods="5"/>
        <file name="error-reducer.js" path="C:\Users\Alberto Cortina\Documents\GitHub\UniOviSCOPE\app\reducers\error-reducer.js">
          <metrics statements="7" coveredstatements="7" conditionals="6" coveredconditionals="6" methods="2" coveredmethods="2"/>
          <line num="4" count="1" type="stmt"/>
          <line num="7" count="6" type="cond" truecount="5" falsecount="0"/>
          <line num="9" count="1" type="stmt"/>
          <line num="11" count="1" type="stmt"/>
          <line num="13" count="1" type="stmt"/>
          <line num="15" count="3" type="stmt"/>
          <line num="17" count="1" type="stmt"/>
        </file>
        <file name="isLoadingApp-reducer.js" path="C:\Users\Alberto Cortina\Documents\GitHub\UniOviSCOPE\app\reducers\isLoadingApp-reducer.js">
          <metrics statements="5" coveredstatements="5" conditionals="9" coveredconditionals="9" methods="1" coveredmethods="1"/>
          <line num="3" count="1" type="stmt"/>
          <line num="6" count="8" type="cond" truecount="8" falsecount="0"/>
          <line num="8" count="1" type="stmt"/>
          <line num="15" count="6" type="stmt"/>
          <line num="17" count="1" type="stmt"/>
        </file>
        <file name="settings-reducer.js" path="C:\Users\Alberto Cortina\Documents\GitHub\UniOviSCOPE\app\reducers\settings-reducer.js">
          <metrics statements="7" coveredstatements="7" conditionals="6" coveredconditionals="6" methods="1" coveredmethods="1"/>
          <line num="3" count="1" type="stmt"/>
          <line num="9" count="13" type="cond" truecount="5" falsecount="0"/>
          <line num="11" count="3" type="stmt"/>
          <line num="16" count="3" type="stmt"/>
          <line num="21" count="3" type="stmt"/>
          <line num="26" count="3" type="stmt"/>
          <line num="31" count="1" type="stmt"/>
        </file>
        <file name="userData-reducer.js" path="C:\Users\Alberto Cortina\Documents\GitHub\UniOviSCOPE\app\reducers\userData-reducer.js">
          <metrics statements="5" coveredstatements="5" conditionals="4" coveredconditionals="4" methods="1" coveredmethods="1"/>
          <line num="3" count="1" type="stmt"/>
          <line num="16" count="3" type="cond" truecount="3" falsecount="0"/>
          <line num="18" count="1" type="stmt"/>
          <line num="31" count="1" type="stmt"/>
          <line num="44" count="1" type="stmt"/>
        </file>
      </package>
      <package name="resources.i18n">
        <metrics statements="2" coveredstatements="2" conditionals="0" coveredconditionals="0" methods="0" coveredmethods="0"/>
        <file name="index.js" path="C:\Users\Alberto Cortina\Documents\GitHub\UniOviSCOPE\app\resources\i18n\index.js">
          <metrics statements="2" coveredstatements="2" conditionals="0" coveredconditionals="0" methods="0" coveredmethods="0"/>
          <line num="5" count="1" type="stmt"/>
          <line num="7" count="1" type="stmt"/>
        </file>
      </package>
      <package name="resources.i18n.locales">
        <metrics statements="0" coveredstatements="0" conditionals="0" coveredconditionals="0" methods="0" coveredmethods="0"/>
        <file name="en.js" path="C:\Users\Alberto Cortina\Documents\GitHub\UniOviSCOPE\app\resources\i18n\locales\en.js">
          <metrics statements="0" coveredstatements="0" conditionals="0" coveredconditionals="0" methods="0" coveredmethods="0"/>
        </file>
        <file name="es.js" path="C:\Users\Alberto Cortina\Documents\GitHub\UniOviSCOPE\app\resources\i18n\locales\es.js">
          <metrics statements="0" coveredstatements="0" conditionals="0" coveredconditionals="0" methods="0" coveredmethods="0"/>
        </file>
      </package>
    </metrics>
  </project>
</coverage>
