{"C:\\Users\\Alberto Cortina\\Documents\\GitHub\\UniOviSCOPE\\app\\actions\\index.js": {"path":"C:\\Users\\Alberto Cortina\\Documents\\GitHub\\UniOviSCOPE\\app\\actions\\index.js","statementMap":{"0":{"start":{"line":2,"column":23},"end":{"line":2,"column":32}},"1":{"start":{"line":3,"column":27},"end":{"line":3,"column":40}},"2":{"start":{"line":4,"column":29},"end":{"line":4,"column":44}},"3":{"start":{"line":5,"column":33},"end":{"line":5,"column":52}},"4":{"start":{"line":6,"column":28},"end":{"line":6,"column":42}},"5":{"start":{"line":7,"column":29},"end":{"line":7,"column":44}},"6":{"start":{"line":8,"column":28},"end":{"line":8,"column":42}},"7":{"start":{"line":9,"column":33},"end":{"line":9,"column":52}},"8":{"start":{"line":10,"column":42},"end":{"line":10,"column":70}},"9":{"start":{"line":11,"column":45},"end":{"line":11,"column":76}},"10":{"start":{"line":12,"column":35},"end":{"line":12,"column":56}},"11":{"start":{"line":13,"column":36},"end":{"line":13,"column":58}},"12":{"start":{"line":17,"column":4},"end":{"line":19,"column":5}},"13":{"start":{"line":23,"column":4},"end":{"line":25,"column":5}},"14":{"start":{"line":29,"column":4},"end":{"line":40,"column":5}},"15":{"start":{"line":44,"column":4},"end":{"line":46,"column":5}},"16":{"start":{"line":50,"column":4},"end":{"line":52,"column":5}},"17":{"start":{"line":56,"column":4},"end":{"line":58,"column":5}},"18":{"start":{"line":62,"column":4},"end":{"line":64,"column":5}},"19":{"start":{"line":68,"column":4},"end":{"line":71,"column":5}},"20":{"start":{"line":75,"column":4},"end":{"line":77,"column":5}},"21":{"start":{"line":81,"column":4},"end":{"line":83,"column":5}},"22":{"start":{"line":87,"column":4},"end":{"line":89,"column":5}},"23":{"start":{"line":93,"column":4},"end":{"line":95,"column":5}}},"fnMap":{"0":{"name":"loading","decl":{"start":{"line":16,"column":16},"end":{"line":16,"column":23}},"loc":{"start":{"line":16,"column":26},"end":{"line":20,"column":1}},"line":16},"1":{"name":"notLoading","decl":{"start":{"line":22,"column":16},"end":{"line":22,"column":26}},"loc":{"start":{"line":22,"column":29},"end":{"line":26,"column":1}},"line":22},"2":{"name":"authenticate","decl":{"start":{"line":28,"column":16},"end":{"line":28,"column":28}},"loc":{"start":{"line":28,"column":111},"end":{"line":41,"column":1}},"line":28},"3":{"name":"dontAuthenticate","decl":{"start":{"line":43,"column":16},"end":{"line":43,"column":32}},"loc":{"start":{"line":43,"column":35},"end":{"line":47,"column":1}},"line":43},"4":{"name":"noConnectionError","decl":{"start":{"line":49,"column":16},"end":{"line":49,"column":33}},"loc":{"start":{"line":49,"column":36},"end":{"line":53,"column":1}},"line":49},"5":{"name":"wrongCredentialsError","decl":{"start":{"line":55,"column":16},"end":{"line":55,"column":37}},"loc":{"start":{"line":55,"column":40},"end":{"line":59,"column":1}},"line":55},"6":{"name":"unknownError","decl":{"start":{"line":61,"column":16},"end":{"line":61,"column":28}},"loc":{"start":{"line":61,"column":31},"end":{"line":65,"column":1}},"line":61},"7":{"name":"deleteError","decl":{"start":{"line":67,"column":16},"end":{"line":67,"column":27}},"loc":{"start":{"line":67,"column":38},"end":{"line":72,"column":1}},"line":67},"8":{"name":"landingScreenHomeScreen","decl":{"start":{"line":74,"column":16},"end":{"line":74,"column":39}},"loc":{"start":{"line":74,"column":42},"end":{"line":78,"column":1}},"line":74},"9":{"name":"landingScreenCertifyScreen","decl":{"start":{"line":80,"column":16},"end":{"line":80,"column":42}},"loc":{"start":{"line":80,"column":45},"end":{"line":84,"column":1}},"line":80},"10":{"name":"faceRecognitionOn","decl":{"start":{"line":86,"column":16},"end":{"line":86,"column":33}},"loc":{"start":{"line":86,"column":36},"end":{"line":90,"column":1}},"line":86},"11":{"name":"faceRecognitionOff","decl":{"start":{"line":92,"column":16},"end":{"line":92,"column":34}},"loc":{"start":{"line":92,"column":37},"end":{"line":96,"column":1}},"line":92}},"branchMap":{},"s":{"0":6,"1":6,"2":6,"3":6,"4":6,"5":6,"6":6,"7":6,"8":6,"9":6,"10":6,"11":6,"12":3,"13":2,"14":2,"15":3,"16":2,"17":2,"18":2,"19":2,"20":3,"21":3,"22":3,"23":3},"f":{"0":3,"1":2,"2":2,"3":3,"4":2,"5":2,"6":2,"7":2,"8":3,"9":3,"10":3,"11":3},"b":{},"_coverageSchema":"332fd63041d2c1bcb487cc26dd0d5f7d97098a6c","hash":"1ceb7a8188efeff34d88f6f969bfaec4a5653e2d"}
,"C:\\Users\\Alberto Cortina\\Documents\\GitHub\\UniOviSCOPE\\app\\actions\\logOut-action.js": {"path":"C:\\Users\\Alberto Cortina\\Documents\\GitHub\\UniOviSCOPE\\app\\actions\\logOut-action.js","statementMap":{"0":{"start":{"line":4,"column":4},"end":{"line":10,"column":5}},"1":{"start":{"line":5,"column":8},"end":{"line":5,"column":27}},"2":{"start":{"line":7,"column":8},"end":{"line":9,"column":16}},"3":{"start":{"line":8,"column":12},"end":{"line":8,"column":40}}},"fnMap":{"0":{"name":"logOutAction","decl":{"start":{"line":3,"column":24},"end":{"line":3,"column":36}},"loc":{"start":{"line":3,"column":39},"end":{"line":11,"column":1}},"line":3},"1":{"name":"(anonymous_1)","decl":{"start":{"line":4,"column":11},"end":{"line":4,"column":12}},"loc":{"start":{"line":4,"column":25},"end":{"line":10,"column":5}},"line":4},"2":{"name":"(anonymous_2)","decl":{"start":{"line":7,"column":19},"end":{"line":7,"column":20}},"loc":{"start":{"line":7,"column":31},"end":{"line":9,"column":9}},"line":7}},"branchMap":{},"s":{"0":1,"1":1,"2":1,"3":1},"f":{"0":1,"1":1,"2":1},"b":{},"_coverageSchema":"332fd63041d2c1bcb487cc26dd0d5f7d97098a6c","hash":"68bd5b72f01c0a0c381dd254ab7f07052954c2c1"}
,"C:\\Users\\Alberto Cortina\\Documents\\GitHub\\UniOviSCOPE\\app\\reducers\\error-reducer.js": {"path":"C:\\Users\\Alberto Cortina\\Documents\\GitHub\\UniOviSCOPE\\app\\reducers\\error-reducer.js","statementMap":{"0":{"start":{"line":4,"column":21},"end":{"line":4,"column":23}},"1":{"start":{"line":7,"column":4},"end":{"line":18,"column":5}},"2":{"start":{"line":9,"column":12},"end":{"line":9,"column":97}},"3":{"start":{"line":11,"column":12},"end":{"line":11,"column":100}},"4":{"start":{"line":13,"column":12},"end":{"line":13,"column":96}},"5":{"start":{"line":15,"column":12},"end":{"line":15,"column":73}},"6":{"start":{"line":15,"column":50},"end":{"line":15,"column":72}},"7":{"start":{"line":17,"column":12},"end":{"line":17,"column":24}}},"fnMap":{"0":{"name":"errorReducer","decl":{"start":{"line":6,"column":24},"end":{"line":6,"column":36}},"loc":{"start":{"line":6,"column":67},"end":{"line":19,"column":1}},"line":6},"1":{"name":"(anonymous_1)","decl":{"start":{"line":15,"column":32},"end":{"line":15,"column":33}},"loc":{"start":{"line":15,"column":50},"end":{"line":15,"column":72}},"line":15}},"branchMap":{"0":{"loc":{"start":{"line":6,"column":37},"end":{"line":6,"column":57}},"type":"default-arg","locations":[{"start":{"line":6,"column":45},"end":{"line":6,"column":57}}],"line":6},"1":{"loc":{"start":{"line":7,"column":4},"end":{"line":18,"column":5}},"type":"switch","locations":[{"start":{"line":8,"column":8},"end":{"line":9,"column":97}},{"start":{"line":10,"column":8},"end":{"line":11,"column":100}},{"start":{"line":12,"column":8},"end":{"line":13,"column":96}},{"start":{"line":14,"column":8},"end":{"line":15,"column":73}},{"start":{"line":16,"column":8},"end":{"line":17,"column":24}}],"line":7}},"s":{"0":1,"1":6,"2":1,"3":1,"4":1,"5":2,"6":3,"7":1},"f":{"0":6,"1":3},"b":{"0":[1],"1":[1,1,1,2,1]},"_coverageSchema":"332fd63041d2c1bcb487cc26dd0d5f7d97098a6c","hash":"4c26e7df8011a59f5bce4cbf07e946fb064d5395"}
,"C:\\Users\\Alberto Cortina\\Documents\\GitHub\\UniOviSCOPE\\app\\reducers\\isLoadingApp-reducer.js": {"path":"C:\\Users\\Alberto Cortina\\Documents\\GitHub\\UniOviSCOPE\\app\\reducers\\isLoadingApp-reducer.js","statementMap":{"0":{"start":{"line":3,"column":21},"end":{"line":3,"column":26}},"1":{"start":{"line":6,"column":4},"end":{"line":18,"column":5}},"2":{"start":{"line":8,"column":12},"end":{"line":8,"column":23}},"3":{"start":{"line":15,"column":12},"end":{"line":15,"column":24}},"4":{"start":{"line":17,"column":12},"end":{"line":17,"column":24}}},"fnMap":{"0":{"name":"isLoadingAppReducer","decl":{"start":{"line":5,"column":24},"end":{"line":5,"column":43}},"loc":{"start":{"line":5,"column":74},"end":{"line":19,"column":1}},"line":5}},"branchMap":{"0":{"loc":{"start":{"line":5,"column":44},"end":{"line":5,"column":64}},"type":"default-arg","locations":[{"start":{"line":5,"column":52},"end":{"line":5,"column":64}}],"line":5},"1":{"loc":{"start":{"line":6,"column":4},"end":{"line":18,"column":5}},"type":"switch","locations":[{"start":{"line":7,"column":8},"end":{"line":8,"column":23}},{"start":{"line":9,"column":8},"end":{"line":9,"column":25}},{"start":{"line":10,"column":8},"end":{"line":10,"column":26}},{"start":{"line":11,"column":8},"end":{"line":11,"column":31}},{"start":{"line":12,"column":8},"end":{"line":12,"column":27}},{"start":{"line":13,"column":8},"end":{"line":13,"column":31}},{"start":{"line":14,"column":8},"end":{"line":15,"column":24}},{"start":{"line":16,"column":8},"end":{"line":17,"column":24}}],"line":6}},"s":{"0":1,"1":8,"2":1,"3":6,"4":1},"f":{"0":8},"b":{"0":[1],"1":[1,1,2,3,4,5,6,1]},"_coverageSchema":"332fd63041d2c1bcb487cc26dd0d5f7d97098a6c","hash":"c2d1711a31e1158d3ddf7862241c627261d04992"}
,"C:\\Users\\Alberto Cortina\\Documents\\GitHub\\UniOviSCOPE\\app\\reducers\\settings-reducer.js": {"path":"C:\\Users\\Alberto Cortina\\Documents\\GitHub\\UniOviSCOPE\\app\\reducers\\settings-reducer.js","statementMap":{"0":{"start":{"line":3,"column":21},"end":{"line":6,"column":1}},"1":{"start":{"line":9,"column":4},"end":{"line":32,"column":5}},"2":{"start":{"line":11,"column":12},"end":{"line":14,"column":13}},"3":{"start":{"line":16,"column":12},"end":{"line":19,"column":13}},"4":{"start":{"line":21,"column":12},"end":{"line":24,"column":13}},"5":{"start":{"line":26,"column":12},"end":{"line":29,"column":13}},"6":{"start":{"line":31,"column":12},"end":{"line":31,"column":24}}},"fnMap":{"0":{"name":"errorReducer","decl":{"start":{"line":8,"column":24},"end":{"line":8,"column":36}},"loc":{"start":{"line":8,"column":67},"end":{"line":33,"column":1}},"line":8}},"branchMap":{"0":{"loc":{"start":{"line":8,"column":37},"end":{"line":8,"column":57}},"type":"default-arg","locations":[{"start":{"line":8,"column":45},"end":{"line":8,"column":57}}],"line":8},"1":{"loc":{"start":{"line":9,"column":4},"end":{"line":32,"column":5}},"type":"switch","locations":[{"start":{"line":10,"column":8},"end":{"line":14,"column":13}},{"start":{"line":15,"column":8},"end":{"line":19,"column":13}},{"start":{"line":20,"column":8},"end":{"line":24,"column":13}},{"start":{"line":25,"column":8},"end":{"line":29,"column":13}},{"start":{"line":30,"column":8},"end":{"line":31,"column":24}}],"line":9}},"s":{"0":1,"1":13,"2":3,"3":3,"4":3,"5":3,"6":1},"f":{"0":13},"b":{"0":[1],"1":[3,3,3,3,1]},"_coverageSchema":"332fd63041d2c1bcb487cc26dd0d5f7d97098a6c","hash":"b1031b434199d637acd9e2241874c0b96e4e42ce"}
,"C:\\Users\\Alberto Cortina\\Documents\\GitHub\\UniOviSCOPE\\app\\reducers\\userData-reducer.js": {"path":"C:\\Users\\Alberto Cortina\\Documents\\GitHub\\UniOviSCOPE\\app\\reducers\\userData-reducer.js","statementMap":{"0":{"start":{"line":3,"column":21},"end":{"line":13,"column":1}},"1":{"start":{"line":16,"column":4},"end":{"line":45,"column":5}},"2":{"start":{"line":18,"column":12},"end":{"line":29,"column":13}},"3":{"start":{"line":31,"column":12},"end":{"line":42,"column":13}},"4":{"start":{"line":44,"column":12},"end":{"line":44,"column":24}}},"fnMap":{"0":{"name":"userDataReducer","decl":{"start":{"line":15,"column":24},"end":{"line":15,"column":39}},"loc":{"start":{"line":15,"column":70},"end":{"line":46,"column":1}},"line":15}},"branchMap":{"0":{"loc":{"start":{"line":15,"column":40},"end":{"line":15,"column":60}},"type":"default-arg","locations":[{"start":{"line":15,"column":48},"end":{"line":15,"column":60}}],"line":15},"1":{"loc":{"start":{"line":16,"column":4},"end":{"line":45,"column":5}},"type":"switch","locations":[{"start":{"line":17,"column":8},"end":{"line":29,"column":13}},{"start":{"line":30,"column":8},"end":{"line":42,"column":13}},{"start":{"line":43,"column":8},"end":{"line":44,"column":24}}],"line":16}},"s":{"0":1,"1":3,"2":1,"3":1,"4":1},"f":{"0":3},"b":{"0":[1],"1":[1,1,1]},"_coverageSchema":"332fd63041d2c1bcb487cc26dd0d5f7d97098a6c","hash":"63baf963719faefa10b1bf33d95a658471751ede"}
,"C:\\Users\\Alberto Cortina\\Documents\\GitHub\\UniOviSCOPE\\app\\resources\\i18n\\index.js": {"path":"C:\\Users\\Alberto Cortina\\Documents\\GitHub\\UniOviSCOPE\\app\\resources\\i18n\\index.js","statementMap":{"0":{"start":{"line":5,"column":0},"end":{"line":5,"column":21}},"1":{"start":{"line":7,"column":0},"end":{"line":10,"column":1}}},"fnMap":{},"branchMap":{},"s":{"0":1,"1":1},"f":{},"b":{},"_coverageSchema":"332fd63041d2c1bcb487cc26dd0d5f7d97098a6c","hash":"37aff4cb202927c52fb439c2163548da6a2d1509"}
,"C:\\Users\\Alberto Cortina\\Documents\\GitHub\\UniOviSCOPE\\app\\resources\\i18n\\locales\\en.js": {"path":"C:\\Users\\Alberto Cortina\\Documents\\GitHub\\UniOviSCOPE\\app\\resources\\i18n\\locales\\en.js","statementMap":{},"fnMap":{},"branchMap":{},"s":{},"f":{},"b":{},"_coverageSchema":"332fd63041d2c1bcb487cc26dd0d5f7d97098a6c","hash":"f7fb62f49dfea1818f2c471c2b599836474fb32b"}
,"C:\\Users\\Alberto Cortina\\Documents\\GitHub\\UniOviSCOPE\\app\\resources\\i18n\\locales\\es.js": {"path":"C:\\Users\\Alberto Cortina\\Documents\\GitHub\\UniOviSCOPE\\app\\resources\\i18n\\locales\\es.js","statementMap":{},"fnMap":{},"branchMap":{},"s":{},"f":{},"b":{},"_coverageSchema":"332fd63041d2c1bcb487cc26dd0d5f7d97098a6c","hash":"744ff8ffd3ab64daac81a915686dca82f154ccd9"}
}
