TN:
SF:C:\Users\Alberto Cortina\Documents\GitHub\UniOviSCOPE\app\actions\index.js
FN:16,loading
FN:22,notLoading
FN:28,authenticate
FN:43,dontAuthenticate
FN:49,noConnectionError
FN:55,wrongCredentialsError
FN:61,unknownError
FN:67,deleteError
FN:74,landingScreenHomeScreen
FN:80,landingScreenCertifyScreen
FN:86,faceRecognitionOn
FN:92,faceRecognitionOff
FNF:12
FNH:12
FNDA:3,loading
FNDA:2,notLoading
FNDA:2,authenticate
FNDA:3,dontAuthenticate
FNDA:2,noConnectionError
FNDA:2,wrongCredentialsError
FNDA:2,unknownError
FNDA:2,deleteError
FNDA:3,landingScreenHomeScreen
FNDA:3,landingScreenCertifyScreen
FNDA:3,faceRecognitionOn
FNDA:3,faceRecognitionOff
DA:2,6
DA:3,6
DA:4,6
DA:5,6
DA:6,6
DA:7,6
DA:8,6
DA:9,6
DA:10,6
DA:11,6
DA:12,6
DA:13,6
DA:17,3
DA:23,2
DA:29,2
DA:44,3
DA:50,2
DA:56,2
DA:62,2
DA:68,2
DA:75,3
DA:81,3
DA:87,3
DA:93,3
LF:24
LH:24
BRF:0
BRH:0
end_of_record
TN:
SF:C:\Users\Alberto Cortina\Documents\GitHub\UniOviSCOPE\app\actions\logOut-action.js
FN:3,logOutAction
FN:4,(anonymous_1)
FN:7,(anonymous_2)
FNF:3
FNH:3
FNDA:1,logOutAction
FNDA:1,(anonymous_1)
FNDA:1,(anonymous_2)
DA:4,1
DA:5,1
DA:7,1
DA:8,1
LF:4
LH:4
BRF:0
BRH:0
end_of_record
TN:
SF:C:\Users\Alberto Cortina\Documents\GitHub\UniOviSCOPE\app\reducers\error-reducer.js
FN:6,errorReducer
FN:15,(anonymous_1)
FNF:2
FNH:2
FNDA:6,errorReducer
FNDA:3,(anonymous_1)
DA:4,1
DA:7,6
DA:9,1
DA:11,1
DA:13,1
DA:15,3
DA:17,1
LF:7
LH:7
BRDA:6,0,0,1
BRDA:7,1,0,1
BRDA:7,1,1,1
BRDA:7,1,2,1
BRDA:7,1,3,2
BRDA:7,1,4,1
BRF:6
BRH:6
end_of_record
TN:
SF:C:\Users\Alberto Cortina\Documents\GitHub\UniOviSCOPE\app\reducers\isLoadingApp-reducer.js
FN:5,isLoadingAppReducer
FNF:1
FNH:1
FNDA:8,isLoadingAppReducer
DA:3,1
DA:6,8
DA:8,1
DA:15,6
DA:17,1
LF:5
LH:5
BRDA:5,0,0,1
BRDA:6,1,0,1
BRDA:6,1,1,1
BRDA:6,1,2,2
BRDA:6,1,3,3
BRDA:6,1,4,4
BRDA:6,1,5,5
BRDA:6,1,6,6
BRDA:6,1,7,1
BRF:9
BRH:9
end_of_record
TN:
SF:C:\Users\Alberto Cortina\Documents\GitHub\UniOviSCOPE\app\reducers\settings-reducer.js
FN:8,errorReducer
FNF:1
FNH:1
FNDA:13,errorReducer
DA:3,1
DA:9,13
DA:11,3
DA:16,3
DA:21,3
DA:26,3
DA:31,1
LF:7
LH:7
BRDA:8,0,0,1
BRDA:9,1,0,3
BRDA:9,1,1,3
BRDA:9,1,2,3
BRDA:9,1,3,3
BRDA:9,1,4,1
BRF:6
BRH:6
end_of_record
TN:
SF:C:\Users\Alberto Cortina\Documents\GitHub\UniOviSCOPE\app\reducers\userData-reducer.js
FN:15,userDataReducer
FNF:1
FNH:1
FNDA:3,userDataReducer
DA:3,1
DA:16,3
DA:18,1
DA:31,1
DA:44,1
LF:5
LH:5
BRDA:15,0,0,1
BRDA:16,1,0,1
BRDA:16,1,1,1
BRDA:16,1,2,1
BRF:4
BRH:4
end_of_record
TN:
SF:C:\Users\Alberto Cortina\Documents\GitHub\UniOviSCOPE\app\resources\i18n\index.js
FNF:0
FNH:0
DA:5,1
DA:7,1
LF:2
LH:2
BRF:0
BRH:0
end_of_record
TN:
SF:C:\Users\Alberto Cortina\Documents\GitHub\UniOviSCOPE\app\resources\i18n\locales\en.js
FNF:0
FNH:0
LF:0
LH:0
BRF:0
BRH:0
end_of_record
TN:
SF:C:\Users\Alberto Cortina\Documents\GitHub\UniOviSCOPE\app\resources\i18n\locales\es.js
FNF:0
FNH:0
LF:0
LH:0
BRF:0
BRH:0
end_of_record
